[   .0000]nialzinggrp susycpset
[   .000] italizg roupubs pu
  0.000]niialinggroup susycpacct[   0000 Lin vsion.4-7-gener (buldd@lc1-7) (c rsio5.0 01609 bunt5.0-ubuntu1~16.4. ) #93-un SMP Fri Mar 31 :0:4UT207 (Ubuu .4-793generi4..49)
[  00000] mmanli: BOOTMA=/bo/vinuz-4.072-genicoot=LAL=oudi-rtfs roonle=t1 nsole=yS
[  0.0000] KERELuported cpus
  0.0000  tel Genuinentl
[  0.000   AMD AutheticAMD[    0.00000]   ntr CentrHls
  0.000]86fpu:ste_ofet]: 576xste_ses]: 256[   0.000000] x86/fpu: Supporting XSAVE feature 0x01: 'x87 floating point registers'
[    0.000000] x86/fpu: Supporting XSAVE feature0x: SSrestrs'
[    00000 x/fu: Spoing AVfeturex0 'AVrestrs'   0000]x86/fp Eabd tae featur 0x7coex sizis32 besusng 'anrd' rm.
[  0.0000] x86/fp: si 'lazyFPcontt itches
[  0.00] e820BI-prodephysic R map
[  0.00000] BOS82 [em 0000000000-0x00000009ffusable[   0.0000 BIOe8: [m 00000000009fc00-0x00000009ffreserved[    0.000] IOS-e80:me 0x0000000f0000-x000000000ff] esrv
[   0.0000 BOSe8: em 0000000010000x0000007efff] usbl
[   00000 BOS82 [me 0000007f00-0x00007fffffff] ACI da
   0.0000]BIOS82 [mem 0x000000fc00-000000fffff rserved
[  00000 N(Exeteisble)roctio aiv
[  00000 SIO 2.5rent.   0.000 Hypvir detect: M
[  00000] 20lastfn 0x7fff0 max_arcpf= x40000
[  00000] RRDisaed
[  0.0000x8PA: MTs sabl, iping T itiazaontoo.[   0000 x86/PAT: Coniguraio[07]: WB  WT  UC- UC  WB  WT  UC- UC  
[    0.000000] CPU MTRRs all blank - virtualized system.
[    0.000000] found SMP MP-table at [mem 0x0009fff0-0x0009ffff] mapped at [ffff88000009fff0]
[    0.000000] Scanning 1 areas for low memory orption[  0.00000] MDSK: me0x6ac8000-x35bfff]
  0.00000]AC: arly table checksum verification disabled
[    0.000000] ACPI: RSDP 0x00000000000E0000 000024 (v02 VBOX  )
[    0.000000] ACPI: XSDT 0x000000007FFF0030 00003C (v01 VBOX   VBOXXSDT 00000001 ASL  00000061)
[    0.000000] ACPI: FACP 0x000000007FFF00F0 0000F4 (v04 VBOX   VBOXFACP 00000001 ASL  00000061)
[    0.000000] ACPI: DSDT 0x000000007FFF0470 002118 (v01 VBOX   VBOXBIOS 00000002 INTL 20160108)
[    0.000000] ACPI: FACS 0x000000007FFF0200 000040
[    0.000000] ACPI: FACS 0x000000007FFF0200 000040
[    0.000000] ACPI: APIC 0x000000007FFF0240 00005C (v02 VBOX   VBOXAPIC 00000001 ASL  00000061)
[    0.000000] ACPI: SSDT 0x000000007FFF02A0 0001CC (v01 VBOX   VBOXCPUT 00000002 INTL 20160108)
[    0.000000] No NUMA configuration found
[    0.000000] Faking a node at [mem 0x0000000000000000-0x000000007ffeffff]
[    0.000000] NODE_DATA(0) allocated [mem 0x7ffeb000-0x7ffeffff]
[    0.000000] kvm-clock: Using msrs 4b564d01 and 4b564d00
[    0.000000] kvm-clock: cpu 0, msr 0:7ffe3001, primary cpu clock
[    0.000000] kvm-clock: using sched offset of 3008723307 cycles
[    0.000000] clocksource: kvm-clock: mask: 0xffffffffffffffff ax_cycles: 0x1cd42e4dffb, max_idle_ns: 881590591483 ns
[    0.000000] Zone ranges:
[    0.000000]   DMA      [mem 0x0000000000001000-0x0000000000ffffff]
[    0.000000]   DMA32    [mem 0x0000000001000000-0x000000007ffeffff]
[    0.000000]   Normal   empty
[   000000]   Device   empty
[    0.000000] Movable zone start for each node
[    0.0000]arly memorynoe ans    0000]   node   0: [mem 0x0000000000001000-0x000000000009efff]
[    0.000000]   node   0: [mem 0x0000000000100000-0x000000007ffeffff]
[    0.000000] Initmem setup node 0 [mem 0x0000000000001000-0x000000007ffeffff]
[    0.000000] ACPI: PM-Timer IO Port: 0x4008
[    0.000000] IOAPIC[0]: apic_id 2, version 17, address 0xfec00000, GSI 0-23
[    0.000000] ACPI: INT_SRC_OVR (bus 0 bus_irq 0 global_irq 2 dfl dfl)
[    0.000000] ACPI: INT_SRC_OVR (bus 0 bus_irq 9 global_irq 9 high level)
[    0.000000] Using ACPI (MADT) for SMP configuration information
[    0.000000] smpboot: Allowing 2 CPUs, 0 hotplug CPUs
[    0.000000] PM: Registered nosave memory: [mem 0x00000000-0x00000fff]
[    0.000000] PM: Registered nosave memory: [mem 0x0009f000-0x0009ffff]
[    0.000000] PM: Registered nosave memory: [mem 0x000a0000-0x000effff]
[    0.000000] PM: Registered nosave memory: [mem 0x000f0000-0x000fffff]
[   .00000] e820: [mem 0x80000000-0xfffbffff] available for PCI devices
[    0.000000] Booting paravirtualized kernel on KVM
[    0.000000] clocksource: refined-jiffies: mask: 0xffffffff max_cycles: 0xffffffff, max_idle_ns: 7645519600211568 ns
[    0.000000] setup_percpu: NR_CPUS:512 ncpmak_bits:512 nr_cpu_ids:2 nr_node_ids:1
[    0.000000] PERCPU: Embedded 33 pages/cpu @ffff88007fc00000 s98264 r8192 d28712 u1048576
[    0.000000] PV qspinlock hash table entries: 256 (order: 0, 4096 bytes)
[    0.000000] Built 1 zonelists in Node order, mobility grouping on.  Total pages: 515961
[    0.000000] Policy zone: DMA32
[    0.000000] Kernel command line: BOOT_IMAGE=/boot/vmlinuz-4.4.0-72-generic rot=ABL=cloudimg-rotfroonole=tty1 console=ttyS0
[    0.000000] PID hash table entries: 4096 (order: 3, 32768 bytes)
[    0.000000] Memory: 2033940K/2096696K available (8452K kernel code, 1293K rwdata, 3976K rodata, 1484K init, 1316K bss, 62756K reserved, 0K cma-reserved)
[    0.000000] SLUB: HWalign=64, Order=0-3, MinObjects=0, CPUs=2, Nodes=1
[    0.000000] Hierarchical RCU implementation.
[    0.000000] 	Build-time adjustment of leaf fanout to 64.
[    0.000000] 	RCU restricting CPUs from NR_CPUS=512 to nr_cpu_ids=2.
[    0.000000] RCU: Adjusting geometry for rcu_fanout_leaf=64, nr_cpu_ids=2
[    0.000000] NR_IRQS:33024 nr_irqs:440 16
[    0.000000] Console: colour VGA+ 80x25
[    0.000000] console [tty1] enabled
[    0.000000] console [ttyS0] enabled
[    0.000000] tsc: Detected 3392.288 MHz processor
[    9.915820] Calibrating delay loop (skipped) preset value.. 6784.57 BogoMIPS (lpj=13569152)
[    9.917507] pid_max: default: 32768 minimum: 301
[    9.918373] ACPI: Core revision 20150930
[   .920038] ACPI: 2 ACPI AML tables successfully acquired and loaded
[    9.979343] Security Framework initialized
[    9.980176] Yama: becoming mindful.
[    9.980929] AppArmor: AppArmor initialized
[    9.982331] Dentry cache hash table entries: 262144 (order: 9, 2097152 bytes)
[   10.040938] Inode-cache hash table entries: 131072 (order: 8, 1048576 bytes)
[   10.044337] Mount-cache hash table entries: 4096 (order: 3, 32768 bytes)
[   10.056007] Mountpoint-cache hash table entries: 4096 (order: 3, 32768 bytes)
[   10.066073] Initializing cgroup subsys io
[   10.071789] Initializing cgroup subsys memory
[   10.072621] Initializing cgroup subsys devices
[   10.073465] Initializing cgroup subsys freezer
[   10.074310] Initializing cgroup subsys net_cls
[   10.075212] Initializing cgroup subsys perf_event
[   10.076084] Initializing cgroup subsys net_prio
[   10.076934] Initializing cgroup subsys hugetlb
[   10.077769] Initializing cgroup subsys pids
[   10.078659] CPU: Physical Processor ID: 0
[   10.079476] CPU: Processor Core ID: 0
[   10.080450] mce: CPU supports 0 MCE banks
[   10.081239] Last level iTLB entries: 4KB 512, 2MB 8, 4MB 8
[   10.082221] Last level dTLB entries: 4KB 512, 2MB 32, 4MB 32, 1GB 0
[   10.084956] Freeing SMP alternatives memory: 32K (ffffffff820b8000 - ffffffff820c0000)
[   10.093613] ftrace: allocating 32111 entries in 126 pages
[   10.152689] smpboot: APIC(0) Converting physical 0 to logical package 0
[   10.163967] smpboot: Max logical packages: 1
[   10.165672] ..TIMER: vector=0x30 apic1=0 pin1=2 apic2=-1 pin2=-1
[   10.270907] smpboot: CPU0: Intel(R) Core(TM) i7-3770 CPU @ 3.40GHz (family: 0x6, model: 0x3a, stepping: 0x9)
[   10.282927] Performance Events: unsupported p6 CPU model 58 no PMU driver, software events only.
[   10.284297] KVM setup paravirtual spinlock
[   10.285478] x86: Booting SMP configuration:
[   10.286096] .... node  #0, CPUs:      #1
[   10.286821] kvm-clock: cpu 1, msr 0:7ffe3041, secondary cpu clock
[   10.399432] mce: CPU supports 0 MCE banks
[   10.455489] x86: Booted up 1 node, 2 CPUs
[   10.456282] smpboot: Total of 2 processors activated (13569.15 BogoMIPS)
[   10.457533] devtmpfs: initialized
[   10.459655] evm: security.selinux
[   10.501879] evm: security.SMACK64
[   10.502431] evm: security.SMACK64EXEC
[   10.503045] evm: security.SMACK64TRANSMUTE
[   10.584442] evm: security.SMACK64MMAP
[   10.591360] evm: security.ima
[   10.591868] evm: security.capability
[   10.592630] clocksource: jiffies: mask: 0xffffffff max_cycles: 0xffffffff, max_idle_ns: 7645041785100000 ns
[   10.594103] pinctrl core: initialized pinctrl subsystem
[   10.594973] RTC time:  0:48:35, date: 08/13/17
[   10.595783] NET: Registered protocol family 16
[   10.606924] cpuidle: using governor ladder
[   10.658934] cpuidle: using governor menu
[   10.665152] PCCT header not found.
[   10.665960] ACPI: bus type PCI registered
[   10.666781] acpiphp: ACPI Hot Plug PCI Controller Driver version: 0.5
[   10.669320] PCI: Using configuration type 1 for base access
[   10.699683] ACPI: Added _OSI(Module Device)
[   10.731278] ACPI: Added _OSI(Processor Device)
[   10.760339] ACPI: Added _OSI(3.0 _SCP Extensions)
[   10.766600] ACPI: Added _OSI(Processor Aggregator Device)
[   10.769251] ACPI: Executed 1 blocks of module-level executable AML code
[   10.772442] ACPI: Interpreter enabled
[   10.783754] ACPI: (supports S0 S5)
[   10.787575] ACPI: Using IOAPIC for interrupt routing
[   10.792076] PCI: Using host bridge windows from ACPI; if necessary, use "pci=nocrs" and report a bug
[   10.822992] ACPI: PCI Root Bridge [PCI0] (domain 0000 [bus 00-ff])
[   10.876541] acpi PNP0A03:00: _OSC: OS supports [ASPM ClockPM Segments MSI]
[   11.006025] acpi PNP0A03:00: _OSC failed (AE_NOT_FOUND); disabling ASPM
[   11.156374] acpi PNP0A03:00: fail to add MMCONFIG information, can't access extended PCI configuration space under this bridge.
[   11.457315] PCI host bridge to bus 0000:00
[   11.575021] pci_bus 0000:00: root bus resource [io  0x0000-0x0cf7 window]
[   11.774784] pci_bus 0000:00: root bus resource [io  0x0d00-0xffff window]
[   11.868560] pci_bus 0000:00: root bus resource [mem 0x000a0000-0x000bffff window]
[   11.869990] pci_bus 0000:00: root bus resource [mem 0x80000000-0xffdfffff window]
[   11.871434] pci_bus 0000:00: root bus resource [bus 00-ff]
[   11.873535] pci 0000:00:01.1: legacy IDE quirk: reg 0x10: [io  0x01f0-0x01f7]
[   11.881117] pci 0000:00:01.1: legacy IDE quirk: reg 0x14: [io  0x03f6]
[   11.882176] pci 0000:00:01.1: legacy IDE quirk: reg 0x18: [io  0x0170-0x0177]
[   11.884421] pci 0000:00:01.1: legacy IDE quirk: reg 0x1c: [io  0x0376]
[   11.915070] ACPI: PCI Interrupt Link [LNKA] (IRQs 5 9 10 11) *0, disabled.
[   11.924869] ACPI: PCI Interrupt Link [LNKB] (IRQs 5 9 10 *11)
[   11.926197] ACPI: PCI Interrupt Link [LNKC] (IRQs 5 9 *10 11)
[   11.927590] ACPI: PCI Interrupt Link [LNKD] (IRQs 5 *9 10 11)
[   11.928952] ACPI: Enabled 2 GPEs in block 00 to 07
[   11.930192] vgaarb: setting as boot device: PCI:0000:00:02.0
[   11.931190] vgaarb: device added: PCI:0000:00:02.0,decodes=io+mem,owns=io+mem,locks=none
[   11.932697] vgaarb: loaded
[   11.941369] vgaarb: bridge control possible 0000:00:02.0
[   11.942477] SCSI subsystem initialized
[   11.943420] ACPI: bus type USB registered
[   11.947788] usbcore: registered new interface driver usbfs
[   11.948742] usbcore: registered new interface driver hub
[   11.949674] usbcore: registered new device driver usb
[   11.950876] PCI: Using ACPI for IRQ routing
[   11.952916] NetLabel: Initializing
[   11.953588] NetLabel:  domain hash size = 128
[   11.954362] NetLabel:  protocols = UNLABELED CIPSOv4
[   11.955297] NetLabel:  unlabeled traffic allowed by default
[   11.956421] amd_nb: Cannot enumerate AMD northbridges
[   11.960911] clocksource: Switched to clocksource kvm-clock
[   11.967182] AppArmor: AppArmor Filesystem Enabled
[   11.984403] pnp: PnP ACPI init
[  11.985577] pnp: PnP ACPI: found 3 devices

[  12.017522] clocksource: acpi_pm: mask: 0xffffff max_cycles: 0xffffff, max_idle_ns: 2085701024 ns
[   12.039921] NET: Registered protocol family 2

[   12.040850] TCP established hash table entries: 16384 (order: 5, 131072 bytes)
[   12.042264] TCP bind hash table entries: 16384 (order: 6, 262144 bytes)
[   12.043407] TCP: Hash tables confgured (established 16384 bind 16384)
[   12.065071] UDP hash table entries: 1024 (order: 3, 32768 bytes)
[   12.066073] UDP-Lite hash table entries: 1024 (order: 3, 32768 bytes)
[   12.067159] NET: Registered protocol family 1
[   12.067946] pci 0000:00:00.0: Limiting direct PCI/PCI transfers
[   12.068971] pci 0000:00:01.0: Activating ISA DMA hang workarounds
[   12.070087] Unpacking initramfs...

[   13.482709] Freeing initrd memory: 10832K (ffff880036ac8000 - ffff88003755c000)
[   13.835005] RAPL PMU detected, API unit is 2^-32 Joules, 3 fixed counters 10737418240 ms ovfl timer
[   13.836234] hw unit of domain pp0-core 2^-0 Joules
[   13.836886] hw unit of domain package 2^-0 Joules
[   13.837585] hw unit of domain pp1-gpu 2^-0 Joules
[   13.83897pltfm rtc_cmos: registered platform RTC device (no PNP device found)
[   13.987850] Scanning for low memory corruption every 60 seconds
[   13.989101] futex hash table entries: 512 (order: 3, 32768 bytes)
[   14.060410] audit: initializing netlink subsys (disabled)
[   14.077848] audit: type=2000 audit(1502585311.992:1): initialized
[   14.233498] Initialise system trusted keyring
[   14.363735] HugeTLB registered 2 MB page size, pre-allocated 0 pages
[ 14273]bu lde
[  18312 tsc: Refined TSC clocksource calibration: 3392.007 MHz
[   15.033751] clocksource: tsc: mask: 0xffffffffffffffff max_cycles: 0x30e4cfea578, max_idle_ns: 440795261665 ns
[   15.033985] VFS: Disk quotas dquot_6.6.0
[   15.034014] VFS: Dquot-cache hash table entries: 512 (order 0, 4096 bytes)
[   15.034216] squashfs: version 4.0 (2009/01/31) Phillip Lougher
[   15.034416] fuse init (API version 7.23)
[   15.034519] Key type big_key registered
[   15.034533] Allocating IMA MOK and blacklist keyrings.
[   15.034738] Key type asymmetric registered
[   15.034744] Asymmetric key parser 'x509' registered
[   15.034772] Block layer SCSI generic (bsg) driver version 0.4 loaded (major 249)
[   15.034817] io scheduler noop registered
[   15.034819] io scheduler deadline registered (default)
[   15.034841] io scheduler cfq registered
[   15.034924] pci_hotplug: PCI Hot Plug PCI Core version: 0.5
[   15.034929] pciehp: PCI Express Hot Plug Controller Driver version: 0.4
[   15.035036] ACPI: AC Adapter [AC] (on-line)
[   15.035077] input: Power Button as /devices/LNXSYSTM:00/LNXPWRBN:00/input/input0
[   15.035079] ACPI: Power Button [PWRF]
[   15.035128] input: Sleep Button as /devices/LNXSYSTM:00/LNXSLPBN:00/input/input1
[   15.035129] ACPI: Sleep Button [SLPF]
[   15.035234] GHES: HEST is not enabled!
[   15.035307] Serial: 8250/16550 driver, 32 ports, IRQ sharing enabled
[   15.056709] 00:02: ttyS0 at I/O 0x3f8 (irq = 4, base_baud = 115200) is a 16550A
[   15.435338] Linux agpgart interface v0.103
[   16.082291] loop: module loaded
[   16.082732] scsi host0: ata_piix
[   16.082781] scsi host1: ata_piix
[   16.082806] ata1: PATA max UDMA/33 cmd 0x1f0 ctl 0x3f6 bmdma 0xd000 irq 14
[   16.082807] ata2: PATA max UDMA/33 cmd 0x170 ctl 0x376 bmdma 0xd008 irq 15
[   16.082867] libphy: Fixed MDIO Bus: probed
[   16.082869] tun: Universal TUN/TAP device driver, 1.6
[   16.082869] tun: (C) 1999-2004 Max Krasnyansky <maxk@qualcomm.com>
[   16.083097] PPP generic driver version 2.4.2
[   16.083142] ehci_hcd: USB 2.0 'Enhanced' Host Controller (EHCI) Driver
[   16.083145] ehci-pci: EHCI PCI platform driver
[   16.083158] ehci-platform: EHCI generic platform driver
[   16.083190] ohci_hcd: USB 1.1 'Open' Host Controller (OHCI) Driver
[   16.083193] ohci-pci: OHCI PCI platform driver
[   16.083200] ohci-platform: OHCI generic platform driver
[   16.083205] uhci_hcd: USB Universal Host Controller Interface driver
[   16.083252] i8042: PNP: PS/2 Controller [PNP0303:PS2K,PNP0f03:PS2M] at 0x60,0x64 irq 1,12
[   16.084348] serio: i8042 KBD port at 0x60,0x64 irq 1
[   16.084352] serio: i8042 AUX port at 0x60,0x64 irq 12
[   16.084452] mousedev: PS/2 mouse device common for all mice
[   16.084697] rtc_cmos rtc_cmos: rtc core: registered rtc_cmos as rtc0
[   16.084763] rtc_cmos rtc_cmos: alarms up to one day, 114 bytes nvram
[   16.084769] i2c /dev entries driver
[   16.084812] device-mapper: uevent: version 1.0.3
[   16.084855] device-mapper: ioctl: 4.34.0-ioctl (2015-10-28) initialised: dm-devel@redhat.com
[   16.084871] ledtrig-cpu: registered to indicate activity on CPUs
[   16.085129] NET: Registered protocol family 10
[   16.085270] NET: Registered protocol family 17
[   16.085281] Key type dns_resolver registered
[   16.085649] microcode: CPU0 sig=0x306a9, pf=0x2, revision=0x19
[   16.085655] microcode: CPU1 sig=0x306a9, pf=0x2, revision=0x19
[   16.085696] microcode: Microcode Update Driver: v2.01 <tigran@aivazian.fsnet.co.uk>, Peter Oruba
[   16.085806] registered taskstats version 1
[   16.085816] Loading compiled-in X.509 certificates
[   16.086395] Loaded X.509 cert 'Build time autogenerated kernel key: 04ae903e4643330d1fe41947e79c28b436494994'
[   16.086421] zswap: loaded using pool lzo/zbud
[   16.087633] Key type trusted registered
[   16.089514] Key type encrypted registered
[   16.089518] AppArmor: AppArmor sha1 policy hashing enabled
[   16.089520] ima: No TPM chip found, activating TPM-bypass!
[   16.089534] evm: HMAC attrs: 0x1
[   16.089708]   Magic number: 13:771:809
[   16.442399] rtc_cmos rtc_cmos: setting system clock to 2017-08-13 00:48:41 UTC (1502585321)
[   16.442539] BIOS EDD facility v0.16 2004-Jun-25, 0 devices found
[   16.442539] EDD information not available.
[   16.798507] input: AT Translated Set 2 keyboard as /devices/platform/i8042/serio0/input/input2
[   17.637395] Freeing unused kernel memory: 1484K (ffffffff81f45000 - ffffffff820b8000)
[   17.638540] Write protecting the kernel read-only data: 14336k
[   17.640586] Freeing unused kernel memory: 1776K (ffff880001844000 - ffff880001a00000)
[   17.644120] Freeing unused kernel memory: 120K (ffff880001de2000 - ffff880001e00000)
Loading, please wait...
starting version 229
[   17.662462] random: systemd-udevd: uninitialized urandom read (16 bytes read, 3 bits of entropy available)
[   17.662877] random: udevadm: uninitialized urandom read (16 bytes read, 3 bits of entropy available)
[   17.662912] random: udevadm: uninitialized urandom read (16 bytes read, 3 bits of entropy available)
[   17.663048] random: udevadm: uninitialized urandom read (16 bytes read, 3 bits of entropy available)
[   17.663093] random: udevadm: uninitialized urandom read (16 bytes read, 3 bits of entropy available)
[   17.663138] random: udevadm: uninitialized urandom read (16 bytes read, 3 bits of entropy available)
[   17.663219] random: udevadm: uninitialized urandom read (16 bytes read, 3 bits of entropy available)
[   17.663268] random: udevadm: uninitialized urandom read (16 bytes read, 3 bits of entropy available)
[   17.663309] random: udevadm: uninitialized urandom read (16 bytes read, 3 bits of entropy available)
[   17.663353] random: udevadm: uninitialized urandom read (16 bytes read, 3 bits of entropy available)
[   17.686104] e1000: Intel(R) PRO/1000 Network Driver - version 7.3.21-k8-NAPI
[   17.985981] e1000: Copyright (c) 1999-2006 Intel Corporation.
[   18.164109] Fusion MPT base driver 3.04.20
[   18.203581] Copyright (c) 1999-2008 LSI Corporation
[   18.208462] Fusion MPT SPI Host driver 3.04.20
[   18.222668] mptbase: ioc0: Initiating bringup
[   18.255817] AVX version of gcm_enc/dec engaged.
[   18.263823] AES CTR mode by8 optimization enabled
[   18.333525] ioc0: LSI53C1030 A0: Capabilities={Initiator}
[   18.464752] input: ImExPS/2 Generic Explorer Mouse as /devices/platform/i8042/serio1/input/input4
[   18.656159] scsi host2: ioc0: LSI53C1030 A0, FwRev=00000000h, Ports=1, MaxQ=256, IRQ=20
[   18.804066] scsi 2:0:0:0: Direct-Access     VBOX     HARDDISK         1.0  PQ: 0 ANSI: 5
[   19.051614] scsi target2:0:0: Beginning Domain Validation
[   19.164096] e1000 0000:00:03.0 eth0: (PCI:33MHz:32-bit) 02:9c:9d:15:a0:80
[   19.164100] e1000 0000:00:03.0 eth0: Intel(R) PRO/1000 Network Connection
[   19.254429] e1000 0000:00:03.0 enp0s3: renamed from eth0
[   19.255938] scsi target2:0:0: Domain Validation skipping write tests
[   19.257191] scsi target2:0:0: Ending Domain Validation
[   19.258223] scsi target2:0:0: asynchronous
[   19.259578] scsi 2:0:1:0: Direct-Access     VBOX     HARDDISK         1.0  PQ: 0 ANSI: 5
[   19.261210] scsi target2:0:1: Beginning Domain Validation
[   19.263117] scsi target2:0:1: Domain Validation skipping write tests
[   19.272479] scsi target2:0:1: Ending Domain Validation
[   19.410045] scsi target2:0:1: asynchronous
[   19.538174] sd 2:0:0:0: [sda] 20971520 512-byte logical blocks: (10.7 GB/10.0 GiB)
[   19.621846] sd 2:0:0:0: Attached scsi generic sg0 type 0
[   19.622857] sd 2:0:0:0: [sda] Write Protect is off
[   19.626386] sd 2:0:1:0: Attached scsi generic sg1 type 0
[   19.629495] sd 2:0:1:0: [sdb] 20480 512-byte logical blocks: (10.5 MB/10.0 MiB)
[   19.631198] sd 2:0:0:0: [sda] Incomplete mode parameter data
[   19.634293] sd 2:0:0:0: [sda] Assuming drive cache: write through
[   19.635429] sd 2:0:1:0: [sdb] Write Protect is off
[   19.636532] sd 2:0:1:0: [sdb] Incomplete mode parameter data
[   19.637617] sd 2:0:1:0: [sdb] Assuming drive cache: write through
[   19.640105]  sda: sda1
[   19.643128] sd 2:0:0:0: [sda] Attached SCSI disk
[   19.647163] sd 2:0:1:0: [sdb] Attached SCSI disk
[   21.261082] floppy0: no floppy controllers found
[   21.403720] work still pending
Begin: Loading e[   22.893133] md: linear personality registered for level -1
ssential drivers[   23.496286] md: multipath personality registered for level -4
 ... [   23.574072] md: raid0 personality registered for level 0
[   23.582468] md: raid1 personality registered for level 1
[   23.656935] raid6: sse2x1   gen() 10412 MB/s
[   23.792934] raid6: sse2x1   xor()  8281 MB/s
[   23.928938] raid6: sse2x2   gen() 13102 MB/s
[   24.120949] raid6: sse2x2   xor()  9084 MB/s
[   24.312938] raid6: sse2x4   gen() 15323 MB/s
[   24.492938] raid6: sse2x4   xor() 11206 MB/s
[   24.557028] raid6: using algorithm sse2x4 gen() 15323 MB/s
[   24.653339] raid6: .... xor() 11206 MB/s, rmw enabled
[   24.805144] raid6: using ssse3x2 recovery algorithm
[   24.953052] xor: automatically using best checksumming function:
[   25.217532]    avx       : 23694.000 MB/sec
[   25.606025] async_tx: api initialized (async)
[   25.654045] md: raid6 personality registered for level 6
[   25.670571] md: raid5 personality registered for level 5
[   25.672593] md: raid4 personality registered for level 4
[   25.689807] md: raid10 personality registered for level 10
done.
Begin: Running[   25.871337] Btrfs loaded
 /scripts/init-premount ... done.
Begin: Mounting root file system ... Begin: Running /scripts/local-top ... done.
Begin: Running /scripts/local-premount ... Scanning for Btrfs filesystems
done.
Warning: fsck not present, so skipping root file system
[   25.979178] EXT4-fs (sda1): mounted filesystem with ordered data mode. Opts: (null)
done.
Begin: Running /scripts/local-bottom ... done.
Begin: Running /scripts/init-bottom ... done.
[   26.109594] systemd[1]: systemd 229 running in syttmm mode. (+PAM++UUIIT +SELINUX +IMA +APPARMOR +SMACK +SYSVINIT +UTMP +LIBCRYPTSETUP +GCRYPT +GNUTLS +ACL +XZ -LZ4 +SECCOMP +BLKID +ELFUTILS +KMOD -IDN)
[   26.734833] systemd[1]: Detected virtualization oracle.
[   26.735575] systemd[1]: Detected architecture x86-64.

Welcome to [1mUbuntu 16.04.2 LTS[0m!

[   26.338773] systemd[1]: Set hostname to <ubuntu>.
[   26.866112] systemd[1]: Initializing machine ID from random generator.
[   27.113718] systemd[1]: Installed transient /etc/machine-id file.
[   27.243301] systemd[1]: Reached target Swap.
[[0;32m  OK  [0m] Reached target Swap.
[   27.481226] systemd[1]: Started Forward Password Requests to Wall Directory Watch.
[[0;32m  OK  [0m] Started Forward Password Requests to Wall Directory Watch.
[   27.565096] systemd[1]: Listening on udev Kernel Socket.
[[0;32m  OK  [0m] Listening on udev Kernel Socket.
[   27.573080] systemd[1]: Listening on /dev/initctl Compatibility Named Pipe.
[[0;32m  OK  [0m] Listening on /dev/initctl Compatibility Named Pipe.
[   27.856943] systemd[1]: Listening on Device-mapper event daemon FIFOs.
[[0;32m  OK  [0m] Listening on Device-mapper event daemon FIFOs.
[   27.886474] systemd[1]: Set up automount Arbitrary Executable File Formats File System Automount Point.
[[0;32m  OK  [0m] Set up automount Arbitrary Executab...ats File System Automount Point.
[   27.889460] systemd[1]: Listening on Journal Socket (/dev/log).
[[0;32m  OK  [0m] Listening on Journal Socket (/dev/log).
[   27.892504] systemd[1]: Listening on Syslog Socket.
[[0;32m  OK  [0m] Listening on Syslog Socket.
[   27.894244] systemd[1]: Listening on Journal Socket.
[[0;32m  OK  [0m] Listening on Journal Socket.
[   27.895970] systemd[1]: Listening on LVM2 metadata daemon socket.
[[0;32m  OK  [0m] Listening on LVM2 metadata daemon socket.
[   27.898021] systemd[1]: Listening on Journal Audit Socket.
[[0;32m  OK  [0m] Listening on Journal Audit Socket.
[   27.899877] systemd[1]: Listening on udev Control Socket.
[[0;32m  OK  [0m] Listening on udev Control Socket.
[   27.901730] systemd[1]: Listening on LVM2 poll daemon socket.
[[0;32m  OK  [0m] Listening on LVM2 poll daemon socket.
[   27.903680] systemd[1]: Reached target User and Group Name Lookups.
[[0;32m  OK  [0m] Reached target User and Group Name Lookups.
[   27.905970] systemd[1]: Created slice System Slice.
[[0;32m  OK  [0m] Created slice System Slice.
[   27.916997] systemd[1]: Starting Nameserver information manager..
         Starting Nameserver information manager...
[   28.555607] systemd[1]: Mounting POSIX Message Queue File System...
         Mounting POSIX Message Queue File System...
[   28.841836] systemd[1]: Starting Monitoring of LVM2 mirrors, snapshots etc. using dmeventd or progress polling...
         Starting Monitoring of LVM2 mirrors... dmeventd or progress polling...
[   28.847597] systemd[1]: Starting Create list of required static device nodes for the current kernel...
         Starting Create list of required st... nodes for the current kernel...
[   28.859710] systemd[1]: Created slice system-serial\x2dgetty.slice.
[[0;32m  OK  [0m] Created slice system-serial\x2dgetty.slice.
[   28.863458] systemd[1]: Mounting Debug File System...
         Mounting Debug File System...
[   28.866493] systemd[1]: Starting Load Kernel Modules...
[   28.971357] Loading iSCSI transport class v2.0-870.
         Startin[   29.239630] iscsi: registered transport (tcp)
g Load Kernel Modules...
[   29.393412] iscsi: registered transport (iser)
[   29.529128] systemd[1]: Starting Journal Service...
[   29.534452] random: nonblocking pool is initialized
         Starting Journal Service...
[   29.904629] systemd[1]: Starting Remount Root and Kernel File Systems...
[   29.907070] EXT4-fs((dda1): re-mounted. Opts: (null)
         Starting Remount Root and Kernel File Systems...
[   30.625184] systemd[1]: Starting Uncomplicated firewall...
         Starting Uncomplicated firewall...
[   30.646641] systemd[1]: Mounting Huge Pages File System...
         Mounting Huge Pages File System...
[   30.769149] systemd[1]: Starting Set console keymap...
         Starting Set console keymap...
[   30.935077] systemd[1]: Reached target Encrypted Volumes.
[[0;32m  OK  [0m] Reached target Encrypted Volumes.
[   30.951411] systemd[1]: Created slice User and Session Slice.
[[0;32m  OK  [0m] Created slice User and Session Slice.
[   30.970973] systemd[1]: Reached target Slices.
[[0;32m  OK  [0m] Reached target Slices.
[   30.993706] systemd[1]: Mounted Debug File System.
[[0;32m  OK  [0m] Mounted Debug File System.
[   31.217171] systemd[1]: Mounted Huge Pages File System.
[[0;32m  OK  [0m] Mounted Huge Pages File System.
[   31.264399] systemd[1]: Mounted POSIX Message Queue File System.
[[0;32m  OK  [0m] Mounted POSIX Message Queue File System.
[   31.485318] systemd[1]: Started Journal Service.
[[0;32m  OK  [0m] Started Journal Service.
[[0;32m  OK  [0m] Started Create list of required sta...ce nodes for the current kernel.
[[0;32m  OK  [0m] Started Load Kernel Modules.
[[0;32m  OK  [0m] Started Remount Root and Kernel File Systems.
[[0;32m  OK  [0m] Started Uncomplicated firewall.
[[0;32m  OK  [0m] Started Set console keymap.
[[0;32m  OK  [0m] Started Nameserver information manager.
[[0;32m  OK  [0m] Started LVM2 metadata daemon.
         Starting udev Coldplug all Devices...
         Starting Load/Save Random Seed...
         Starting Initial cloud-init job (pre-networking)...
         Mounting FUSE Control File System...
         Starting Apply Kernel Variables...
         Starting Create Static Device Nodes in /dev...
         Starting Flush Journal to Persistent Storage...
[[0;32m  OK  [0m] Mounted FUSE Control File System.
[[0;32m  OK  [0m] Started Load/Save Random Seed.
[[0;32m  OK  [0m] Started Apply Kernel Variables.
[[0;32m  OK  [0m] Started Create Static Device Nodes in /dev.
[[0;32m  OK  [0m] Started udev Coldplug all Devices.
[[0;32m  OK  [0m] Started Monitoring of LVM2 mirrors,...ng dmeventd or progress polling.
[[0;32m  OK  [0m] Started Flush Journal to Persistent Storage.
         Starting udev Kernel Device Manager...
[[0;32m  OK  [0m] Started udev Kernel Device Manager.
[[0;32m  OK  [0m] Started Dispatch Password Requests to Console Directory Watch.
[[0;32m  OK  [0m] Reached target Local File Systems (Pre).
[[0;32m  OK  [0m] Reached target Local File Systems.
         Starting Set console font and keymap...
         Starting Commit a transient machine-id on disk...
         Starting LSB: AppArmor initialization...
         Starting Create Volatile Files and Directories...
         Starting Tell Plymouth To Write Out Runtime Data...
[[0;32m  OK  [0m] Started Commit a transient machine-id on disk.
[[0;32m  OK  [0m] Started Create Volatile Files and Directories.
[   21.266247] cloud-init[452]: Cloud-init v. 0.7.9 running 'init-local' at Sun, 13 Aug 2017 00:48:57 +0000. Up 21.05 seconds.
[[0;32m  OK  [0m] Started Set console font and keymap.
[[0;32m  OK  [0m] Started Tell Plymouth To Write Out Runtime Data.
[[0;32m  OK  [0m] Started Initial cloud-init job (pre-networking).
[[0;32m  OK  [0m] Found device /dev/ttyS0.
[[0;32m  OK  [0m] Listening on Load/Save RF Kill Switch Status /dev/rfkill Watch.
[[0;32m  OK  [0m] Reached target Network (Pre).
[[0;32m  OK  [0m] Created slice system-getty.slice.
         Starting Update UTMP about System Boot/Shutdown...
[[0;32m  OK  [0m] Reached target System Time Synchronized.
[[0;32m  OK  [0m] Started LSB: AppArmor initialization.
[[0;32m  OK  [0m] Started Update UTMP about System Boot/Shutdown.
         Starting Raise network interfaces...
[[0;32m  OK  [0m] Started Raise network interfaces.
[[0;32m  OK  [0m] Reached target Network.
         Starting Initial cloud-init job (metadata service crawler)...
[   25.010333] cloud-init[927]: Cloud-init v. 0.7.9 running 'init' at Sun, 13 Aug 2017 00:49:01 +0000. Up 24.41 seconds.
[   25.104430] cloud-init[927]: ci-info: +++++++++++++++++++++++++++++++++++++Net device info++++++++++++++++++++++++++++++++++++++
[   25.212420] cloud-init[927]: ci-info: +--------+------+----------------------------+---------------+-------+-------------------+
[[0;32m  OK  [0m] Started Initial cloud-init job (metadata service crawler).
[[0;32m  OK  [0m] Reached target System Initialization.
[   25.319623] cloud-init[927]: ci-info: | Device |  Up  |          Address           |      Mask     | Scope |     Hw-Address    |
[   25.470417] [cloud-init[0;32m  OK  [0m[927]: ] ci-info: +--------+------+----------------------------+---------------+-------+-------------------+Started ACPI Events Check.

[   25.471185] [cloud-init[0;32m  OK  [0m[927]: ] ci-info: | enp0s3 | True |         10.0.2.15          | 255.255.255.0 |   .   | 02:9c:9d:15:a0:80 |Started Daily apt activities.

[   25.481658] [[0;32m  OK  [0m] Started Trigger resolvconf update for networkd DNS.
[[0;32m  OK  [0m] Reached target Paths.
         Starting Socket activation for snappy daemon.
cloud-init[927]: ci-info: | enp0s3 | True | fe80::9c:9dff:fe15:a080/64 |       .       |  link | 02:9c:9d:15:a0:80 |
[   25.505316]          Starting LXD - unix socket.
[[0;32m  OK  [0m] Listening on D-Bus System Message Bus Socket.
[[0;32m  OK  [0m] Started Daily Cleanup of Temporary Directories.
[[0;32m  OK  [0m] Started Timer to automatically refresh installed snaps.
[[0;32m  OK  [0m] Reached target Timers.
[[0;32m  OK  [0m] Listening on UUID daemon activation socket.
[[0;32m  OK  [0m] Listening on ACPID Listen Socket.
cloud-init[927]: ci-info: |   lo   | True |         127.0.0.1          |   255.0.0.0   |   .   |         .         |
[   25.888361] [cloud-init[0;32m  OK  [0m[927]: ] ci-info: |   lo   | True |          ::1/128           |       .       |  host |         .         |Reached target Cloud-config availability.

[[0;32m  OK  [0m] Reached target Network is Online.
[   25.888879] cloud-init[927]: ci-info: +--------+------+----------------------------+---------------+-------+-------------------+
[   25.929239]          Starting iSCSI initiator daemon (iscsid)...
cloud-init[927]: ci-info: +++++++++++++++++++++++++++Route IPv4 info++++++++++++++++++++++++++++
[   25.932531] cloud-init[927]: ci-info: +-------+-------------+----------+---------------+-----------+-------+
[   25.935019] [[0;32m  OK  [0m] Listening on Socket activation for snappy daemon.
[[0;32m  OK  [0m] Listening on LXD - unix socket.
cloud-init[927]: ci-info: | Route | Destination | Gateway  |    Genmask    | Interface | Flags |
[   25.938196] cloud-init[927]: ci-info: +-------+-------------+----------+---------------+-----------+-------+
[   25.940948] [[0;32m  OK  [0m] Reached target Sockets.
[[0;32m  OK  [0m] Reached target Basic System.
cloud-init[927]: ci-info: |   0   |   0.0.0.0   | 10.0.2.2 |    0.0.0.0    |   enp0s3  |   UG  |
[   25.943516] [[0;32m  OK  [0m] Started ACPI event daemon.
cloud-init[927]: ci-info: |   1   |   10.0.2.0  | 0.0.0.0  | 255.255.255.0 |   enp0s3  |   U   |
[   25.969998]          cloud-initStarting Pollinate to seed the pseudo random number generator...[927]: 
ci-info: +-------+-------------+----------+---------------+-----------+-------+
[   26.100322]          cloud-initStarting System Logging Service...[927]: 
Generating public/private rsa key pair.
[   26.338275]          cloud-initStarting Apply the settings specified in cloud-config...[927]: 
Your identification has been saved in /etc/ssh/ssh_host_rsa_key.
[   26.341431] cloud-init[927]: Your public key has been saved in /etc/ssh/ssh_host_rsa_key.pub.
[   26.349527] cloud-init[927]: The key fingerprint is:
[   26.352722] cloud-init[927]: SHA256:hdm+jahKdfkcI1DR5qlP3gpIDpOUhA+L5e7ku41Ovgg root@ubuntu-xenial
         Starting LSB: Record successful boot for GRUB...
[   26.361284]          Starting /etc/rc.local Compatibility...
cloud-init[927]: The key's randomart image is:
         Starting LXD - container startup/shutdown...
[   26.369743] cloud-init[927]: +---[RSA 2048]----+
[   26.373643]          cloud-initStarting Login Service...[927]: 
|   ..   oo       |
[   26.377473] [cloud-init[0;32m  OK  [0m[927]: ] |  +. . . +o      |Started D-Bus System Message Bus.

[   26.378355] cloud-init[927]: | + +o . ooo.     |
[   26.384295] cloud-init[927]: |. o... . +o      |
[   26.386316] cloud-init[927]: | .  + o S.+      |
[   26.387626] cloud-init[927]: |  o  * o.=.*     |
[   26.389133] cloud-init[927]: |E+. . o o+=..    |
[   26.417071] cloud-init[927]: |.+o+   . .o .    |
[   26.458703] [[0;32m  OK  [0m] Started Snappy daemon.
cloud-init[927]: |..B+o..   ..     |
[[0;32m  OK  [0m] Started Regular background program processing daemon.
[   26.477239] cloud-init[927]: +----[SHA256]-----+
[   26.544706] cloud-init[927]: Generating public/private dsa key pair.
[   26.599164]          cloud-initStarting Auto import assertions from block devices...[927]: 
Your identification has been saved in /etc/ssh/ssh_host_dsa_key.
[[0;32m  OK  [0m] Started FUSE filesystem for LXC.
[   26.892748] cloud-init[927]: Your public key has been saved in /etc/ssh/ssh_host_dsa_key.pub.
[   26.970756] cloud-init[927]: The key fingerprint is:
[   26.971717] cloud-init[927]: SHA256:ZAWWAS3+yOJIkws/2mYjEQ4SaBfUDRrjIvN3f7EMWR0 root@ubuntu-xenial
[   26.973002] cloud-init[927]: The key's randomart image is:
[   26.974002] cloud-init[927]: +---[DSA 1024]----+
         Starting Accounts Service...
[   27.000821] cloud-init[927]: |. .=o.+o++. E    |
         Starting LSB: MD monitoring daemon...
[   27.012328] cloud-init[927]: |o...+..oo. . .   |
[   27.017524] cloud-init[927]: |+o.o . .o . .    |
[   27.018424] cloud-init[927]: |=o.   .o o       |
[   27.019318] cloud-init[927]: |+......oS .      |
[   27.020197] cloud-init[927]: |o.+...o..o o     |
[   27.021035] cloud-init[927]: | = = .  . +      |
[   27.022002] cloud-init[927]: |..O .    .       |
[   27.022894] cloud-init[927]: |.=.o             |
[   27.023761] cloud-init[927]: +----[SHA256]-----+
[   27.024656] cloud-init[927]: Generating public/private ecdsa key pair.
[   27.025976] cloud-init[927]: Your identification has been saved in /etc/ssh/ssh_host_ecdsa_key.
[   27.028583] cloud-init[927]: Your public key has been saved in /etc/ssh/ssh_host_ecdsa_key.pub.
[   27.030188] cloud-init[927]: The key fingerprint is:
[   27.031142] cloud-init[927]: SHA256:f3ocjwhaxVevzyuFlHumcBw6RrxthAsWIPZLrhsftF0 root@ubuntu-xenial
[[0;32m  OK  [0m] Started Deferred execution scheduler.
[[0;32m  OK  [0m] Started System Logging Service.
[[0;32m  OK  [0m] Started iSCSI initiator daemon (iscsid).
[[0;32m  OK  [0m] Started /etc/rc.local Compatibility.
[[0;32m  OK  [0m] Started LXD - container startup/shutdown.
[[0;32m  OK  [0m] Started Auto import assertions from block devices.
[   27.040083] cloud-init[927]: The key's randomart image is:
[   27.264264] cloud-init[927]: +---[ECDSA 256]---+
[   27.264536] cloud-init[927]: |     o ..        |
[   27.264776] cloud-init[927]: |    . o  .    .  |
[   27.264958] cloud-init[927]: |       o .o .... |
[   27.265146] cloud-init[927]: |      o .oo+.=  .|
[   27.265335] cloud-init[927]: |       +S.oEO +. |
[   27.265524] cloud-init[927]: |      o =..B.B.+ |
[   27.265712] cloud-init[927]: |     o = ooo*+=o |
[   27.265940] cloud-init[927]: |      = . .o+o. o|
[   27.266157] cloud-init[927]: |     . .  ..  ...|
[   27.266370] cloud-init[927]: +----[SHA256]-----+
[   27.266588] cloud-init[927]: Generating public/private ed25519 key pair.
[   27.266809] cloud-init[927]: Your identification has been saved in /etc/ssh/ssh_host_ed25519_key.
[   27.267022] cloud-init[927]: Your public key has been saved in /etc/ssh/ssh_host_ed25519_key.pub.
[   27.267246] cloud-init[927]: The key fingerprint is:
[   27.267468] cloud-init[927]: SHA256:RgdYThKKM0PC/sD9tw3YMW1AkzebkTluVAQB5aft+Sk root@ubuntu-xenial
[   27.267680] cloud-init[927]: The key's randomart image is:
[   27.267898] cloud-init[927]: +--[ED25519 256]--+
[   27.268343] cloud-init[927]: |o .   +BB+Bo     |
[   27.268556] cloud-init[927]: | + . ..*oX       |
[   27.268771] cloud-init[927]: |o * .   O.B.     |
[   27.268987] cloud-init[927]: | + =   + O+      |
[   27.269203] cloud-init[927]: |  o . o S. .     |
[   27.269419] cloud-init[927]: |   . o =  . .    |
[   27.269636] cloud-init[927]: |      . +  o     |
[   27.269862] cloud-init[927]: |       . . E. .  |
[   27.269948] cloud-init[927]: |            .o   |
[   27.269991] cloud-init[927]: +----[SHA256]-----+
[[0;32m  OK  [0m] Started LSB: Record successful boot for GRUB.
[   27.271572] cloud-init[1067]: Generating locales (this might take a while)...
[   27.281227] cloud-init[1067]:   en_US.UTF-8... done
[   27.281992] cloud-init[1067]: Generation complete.
[[0;32m  OK  [0m] Started Login Service.
[[0;32m  OK  [0m] Started LSB: MD monitoring daemon.
[[0;32m  OK  [0m] Stopped OpenBSD Secure Shell server.
         Starting OpenBSD Secure Shell server...
         Starting Authenticate and Authorize Users to Run Privileged Tasks...
         Starting Login to default iSCSI targets...
[[0;32m  OK  [0m] Started OpenBSD Secure Shell server.
[[0;32m  OK  [0m] Started Authenticate and Authorize Users to Run Privileged Tasks.
[[0;32m  OK  [0m] Started Accounts Service.
[[0;32m  OK  [0m] Started Login to default iSCSI targets.
[[0;32m  OK  [0m] Reached target Remote File Systems (Pre).
[[0;32m  OK  [0m] Reached target Remote File Systems.
         Starting Permit User Sessions...
         Starting LSB: automatic crash report generation...
         Starting LSB: daemon to balance interrupts for SMP systems...
[   27.949202] cloud-init[1067]: Cloud-init v. 0.7.9 running 'modules:config' at Sun, 13 Aug 2017 00:49:03 +0000. Up 26.38 seconds.
         Starting LSB: VirtualBox Linux Additions...
         Starting LSB: Set the CPU Frequency Scaling governor to "ondemand"...
[[0;32m  OK  [0m] Started Pollinate to seed the pseudo random number generator.
[[0;32m  OK  [0m] Started Apply the settings specified in cloud-config.
[[0;32m  OK  [0m] Started Permit User Sessions.
[[0;32m  OK  [0m] Started LSB: automatic crash report generation.
[[0;32m  OK  [0m] Started LSB: daemon to balance interrupts for SMP systems.
         Starting Hold until boot process finishes up...
         Starting Terminate Plymouth Boot Screen...
[[0;32m  OK  [0m] Started LSB: VirtualBox Linux Additions.
[[0;32m  OK  [0m] Started LSB: Set the CPU Frequency Scaling governor to "ondemand".
[[0;32m  OK  [0m] Started Hold until boot process finishes up.
[[0;32m  OK  [0m] Started Terminate Plymouth Boot Screen.
[[0;32m  OK  [0m] Started Getty on tty1.
         Starting Set console scheme...
[[0;32m  OK  [0m] Started Serial Getty on ttyS0.
[[0;32m  OK  [0m] Reached target Login Prompts.
[[0;32m  OK  [0m] Reached target Multi-User System.
         Starting Execute cloud user/final scripts...
[[0;32m  OK  [0m] Reached target Graphical Interface.
         Starting Update UTMP about System Runlevel Changes...
[[0;32m  OK  [0m] Started Set console scheme.
[[0;32m  OK  [0m] Started Update UTMP about System Runlevel Changes.
ci-info: no authorized ssh keys fingerprints found for user ubuntu.
<14>Aug 13 00:49:05 ec2: 
<14>Aug 13 00:49:05 ec2: #############################################################
<14>Aug 13 00:49:05 ec2: -----BEGIN SSH HOST KEY FINGERPRINTS-----
<14>Aug 13 00:49:05 ec2: 1024 SHA256:ZAWWAS3+yOJIkws/2mYjEQ4SaBfUDRrjIvN3f7EMWR0 root@ubuntu-xenial (DSA)
<14>Aug 13 00:49:05 ec2: 256 SHA256:f3ocjwhaxVevzyuFlHumcBw6RrxthAsWIPZLrhsftF0 root@ubuntu-xenial (ECDSA)
<14>Aug 13 00:49:05 ec2: 256 SHA256:RgdYThKKM0PC/sD9tw3YMW1AkzebkTluVAQB5aft+Sk root@ubuntu-xenial (ED25519)
<14>Aug 13 00:49:05 ec2: 2048 SHA256:hdm+jahKdfkcI1DR5qlP3gpIDpOUhA+L5e7ku41Ovgg root@ubuntu-xenial (RSA)
<14>Aug 13 00:49:05 ec2: -----END SSH HOST KEY FINGERPRINTS-----
<14>Aug 13 00:49:05 ec2: #############################################################
-----BEGIN SSH HOST KEY KEYS-----
ecdsa-sha2-nistp256 AAAAE2VjZHNhLXNoYTItbmlzdHAyNTYAAAAIbmlzdHAyNTYAAABBBDc9JmCC3jna8Tj3idTFE8v8WSDkbcTnfN39LvS7plNubNIb8/Gg3pTbJ9KhDQMHH737uWTyqcvetRUuJhVQs9E= root@ubuntu-xenial
ssh-ed25519 AAAAC3NzaC1lZDI1NTE5AAAAICHnxkd++759XN5PgG0ksLsX/sEtPP/IELNy5til0olC root@ubuntu-xenial
ssh-rsa AAAAB3NzaC1yc2EAAAADAQABAAABAQDSjH9Wfhl2LdstFl+VIz8AKjDXCYbFcU9EP9MQ3lIXXbJ5fTnLGo7HKkpPUs14C7sOWuM8fyLq49+0AL+v8DQm/m+yKC36XexwF7hQezbahtMtAgXzL/8E/lnQGQogToin0bQ2Rs6kRpHNc9mDGKBWVyNyR/JVgEIeqxqgV/A4mgNSEYtuBqwnZtgf7yLjIsXGy9hgemzdjt8xlGE/hQhZfvmyzPIjy2wn7SfjuXOTsM+bRmFRW8q3Evx8Xj+xEpDixTJTeg7wBYYrFq4ben6K6SLa9XoPMxHFN9sRYOptUY6aGlxtP1TMHUk0t0yjll9v6UqXQ0ZWJxdSLls/zbHB root@ubuntu-xenial
-----END SSH HOST KEY KEYS-----
[   28.894937] cloud-init[1278]: Cloud-init v. 0.7.9 running 'modules:final' at Sun, 13 Aug 2017 00:49:05 +0000. Up 28.76 seconds.
[   28.899076] cloud-init[1278]: ci-info: no authorized ssh keys fingerprints found for user ubuntu.
[   28.901654] cloud-init[1278]: Cloud-init v. 0.7.9 finished at Sun, 13 Aug 2017 00:49:05 +0000. Datasource DataSourceNoCloud [seed=/dev/sdb][dsmode=net].  Up 28.88 seconds
[[0;32m  OK  [0m] Started Execute cloud user/final scripts.
[[0;32m  OK  [0m] Reached target Cloud-init target.

Ubuntu 16.04.2 LTS ubuntu-xenial ttyS0

ubuntu-xenial login: 